<?xml version="1.0" encoding="UTF-8"?>
<!-- Generated by org.testng.reporters.JUnitXMLReporter -->
<testsuite ignored="2" hostname="DESKTOP-K42ITB2" failures="0" tests="1" name="Default test" time="0.971" errors="0" timestamp="2023-06-04T21:42:12 IST">
  <testcase classname="storeproceduretesting.StoreFunctionTest" name="test_CustomerLevel_with_StoredProcedure" time="0.164"/>
  <testcase classname="storeproceduretesting.StoreFunctionTest" name="test_storedFunctionExists" time="0.0">
    <ignored/>
  </testcase> <!-- test_storedFunctionExists -->
  <testcase classname="storeproceduretesting.StoreFunctionTest" name="test_CustomerLevel_with_SQLStatement" time="0.0">
    <ignored/>
  </testcase> <!-- test_CustomerLevel_with_SQLStatement -->
</testsuite> <!-- Default test -->
